TN:
SF:src/SparkCompounder.sol
DA:43,12
FN:43,SparkCompounder.constructor
FNDA:12,SparkCompounder.constructor
DA:44,12
BRDA:44,0,0,-
BRDA:44,0,1,12
DA:45,12
BRDA:45,1,0,-
BRDA:45,1,1,12
DA:46,12
DA:49,12
DA:52,12
DA:53,12
DA:56,12
DA:57,12
DA:58,12
DA:63,264
FN:63,SparkCompounder.balanceOfAsset
FNDA:264,SparkCompounder.balanceOfAsset
DA:64,2382
DA:67,264
FN:67,SparkCompounder.balanceOfStake
FNDA:264,SparkCompounder.balanceOfStake
DA:68,1586
DA:71,2
FN:71,SparkCompounder.balanceOfRewards
FNDA:2,SparkCompounder.balanceOfRewards
DA:72,1062
DA:75,530
FN:75,SparkCompounder.claimableRewards
FNDA:530,SparkCompounder.claimableRewards
DA:76,530
DA:81,2061
FN:81,SparkCompounder._deployFunds
FNDA:2061,SparkCompounder._deployFunds
DA:82,2061
DA:85,1848
FN:85,SparkCompounder._freeFunds
FNDA:1848,SparkCompounder._freeFunds
DA:86,1848
DA:89,1059
FN:89,SparkCompounder._harvestAndReport
FNDA:1059,SparkCompounder._harvestAndReport
DA:95,1059
DA:98,1059
DA:100,1059
BRDA:100,2,0,1057
BRDA:100,2,1,2
DA:101,1057
BRDA:101,3,0,177
DA:103,177
DA:105,177
DA:110,2
BRDA:110,4,0,1
DA:111,1
DA:114,1059
DA:115,1059
BRDA:115,5,0,1059
DA:116,1059
BRDA:116,6,0,214
DA:117,214
DA:120,1059
DA:123,263
FN:123,SparkCompounder._emergencyWithdraw
FNDA:263,SparkCompounder._emergencyWithdraw
DA:124,263
DA:125,263
DA:128,1883
FN:128,SparkCompounder.availableDepositLimit
FNDA:1883,SparkCompounder.availableDepositLimit
DA:131,1883
BRDA:131,7,0,12
BRDA:131,7,1,12
DA:132,12
DA:133,1871
BRDA:133,8,0,1859
BRDA:133,8,1,12
DA:134,1859
DA:136,12
DA:140,263
FN:140,SparkCompounder._min
FNDA:263,SparkCompounder._min
DA:141,263
DA:150,1
FN:150,SparkCompounder.claimRewards
FNDA:1,SparkCompounder.claimRewards
DA:151,1
DA:154,1061
FN:154,SparkCompounder._claimRewards
FNDA:1061,SparkCompounder._claimRewards
DA:155,1061
DA:163,3
FN:163,SparkCompounder.kickAuction
FNDA:3,SparkCompounder.kickAuction
DA:164,3
BRDA:164,9,0,1
BRDA:164,9,1,2
DA:165,2
DA:167,2
BRDA:167,10,0,1
BRDA:167,10,1,1
DA:168,1
DA:169,1
DA:171,1
DA:174,2
BRDA:174,11,0,2
DA:175,2
DA:179,3
FN:179,SparkCompounder._kickAuction
FNDA:3,SparkCompounder._kickAuction
DA:180,3
BRDA:180,12,0,1
BRDA:180,12,1,2
DA:181,2
DA:182,2
DA:192,12
FN:192,SparkCompounder.setMinAmountToSell
FNDA:12,SparkCompounder.setMinAmountToSell
DA:195,12
DA:203,1
FN:203,SparkCompounder.setUniV3Fees
FNDA:1,SparkCompounder.setUniV3Fees
DA:204,1
DA:212,2
FN:212,SparkCompounder.setAuction
FNDA:2,SparkCompounder.setAuction
DA:213,2
BRDA:213,13,0,2
DA:214,2
BRDA:214,14,0,-
BRDA:214,14,1,2
DA:215,2
BRDA:215,15,0,-
BRDA:215,15,1,2
DA:217,2
DA:225,3
FN:225,SparkCompounder.setUseAuction
FNDA:3,SparkCompounder.setUseAuction
DA:226,3
BRDA:226,16,0,3
BRDA:226,17,0,1
BRDA:226,17,1,2
DA:227,2
DA:235,1
FN:235,SparkCompounder.setReferral
FNDA:1,SparkCompounder.setReferral
DA:236,1
DA:244,12
FN:244,SparkCompounder.setOpenDeposits
FNDA:12,SparkCompounder.setOpenDeposits
DA:245,12
DA:254,24
FN:254,SparkCompounder.setAllowed
FNDA:24,SparkCompounder.setAllowed
DA:258,24
FNF:22
FNH:22
LF:82
LH:82
BRF:29
BRH:25
end_of_record
TN:
SF:src/periphery/SparkCompounderAprOracle.sol
DA:33,790
FN:33,SparkCompounderAprOracle.aprAfterDebtChange
FNDA:790,SparkCompounderAprOracle.aprAfterDebtChange
DA:38,790
DA:39,790
DA:42,790
DA:57,790
BRDA:57,0,0,263
BRDA:57,0,1,527
DA:58,263
DA:60,527
DA:64,790
DA:66,790
FNF:1
FNH:1
LF:9
LH:9
BRF:2
BRH:2
end_of_record
