TN:
SF:src/Strategy.sol
DA:43,10
FN:43,SparkCompounder.constructor
FNDA:10,SparkCompounder.constructor
DA:44,10
BRDA:44,0,0,-
BRDA:44,0,1,10
DA:45,10
BRDA:45,1,0,-
BRDA:45,1,1,10
DA:46,10
DA:49,10
DA:52,10
DA:53,10
DA:56,10
DA:57,10
DA:58,10
DA:63,0
FN:63,SparkCompounder.balanceOfAsset
FNDA:0,SparkCompounder.balanceOfAsset
DA:64,2104
DA:67,0
FN:67,SparkCompounder.balanceOfStake
FNDA:0,SparkCompounder.balanceOfStake
DA:68,1315
DA:71,0
FN:71,SparkCompounder.balanceOfRewards
FNDA:0,SparkCompounder.balanceOfRewards
DA:72,1052
DA:75,0
FN:75,SparkCompounder.claimableRewards
FNDA:0,SparkCompounder.claimableRewards
DA:76,0
DA:81,2033
FN:81,SparkCompounder._deployFunds
FNDA:2033,SparkCompounder._deployFunds
DA:83,2033
DA:86,1841
FN:86,SparkCompounder._freeFunds
FNDA:1841,SparkCompounder._freeFunds
DA:87,1841
DA:90,1052
FN:90,SparkCompounder._harvestAndReport
FNDA:1052,SparkCompounder._harvestAndReport
DA:96,1052
DA:99,1052
DA:101,1052
BRDA:101,2,0,1052
BRDA:101,2,1,-
DA:102,1052
BRDA:102,3,0,136
DA:104,136
DA:106,136
DA:111,0
BRDA:111,4,0,-
DA:112,0
DA:115,1052
DA:116,1052
BRDA:116,5,0,1052
DA:117,1052
BRDA:117,6,0,192
DA:118,192
DA:121,1052
DA:124,263
FN:124,SparkCompounder._emergencyWithdraw
FNDA:263,SparkCompounder._emergencyWithdraw
DA:125,263
DA:126,263
DA:129,1841
FN:129,SparkCompounder.availableDepositLimit
FNDA:1841,SparkCompounder.availableDepositLimit
DA:132,1841
BRDA:132,7,0,-
BRDA:132,7,1,-
DA:133,0
DA:134,1841
BRDA:134,8,0,1841
BRDA:134,8,1,-
DA:135,1841
DA:137,0
DA:141,263
FN:141,SparkCompounder._min
FNDA:263,SparkCompounder._min
DA:142,263
DA:147,0
FN:147,SparkCompounder.kickAuction
FNDA:0,SparkCompounder.kickAuction
DA:148,0
BRDA:148,9,0,-
BRDA:148,9,1,-
DA:149,0
DA:151,0
BRDA:151,10,0,-
BRDA:151,10,1,-
DA:152,0
DA:153,0
DA:155,0
DA:158,0
BRDA:158,11,0,-
DA:159,0
DA:163,0
FN:163,SparkCompounder._kickAuction
FNDA:0,SparkCompounder._kickAuction
DA:164,0
BRDA:164,12,0,-
BRDA:164,12,1,-
DA:165,0
DA:166,0
DA:175,0
FN:175,SparkCompounder.setMinAmountToSell
FNDA:0,SparkCompounder.setMinAmountToSell
DA:178,0
DA:185,0
FN:185,SparkCompounder.setUniV3Fees
FNDA:0,SparkCompounder.setUniV3Fees
DA:186,0
DA:189,0
FN:189,SparkCompounder.setAuction
FNDA:0,SparkCompounder.setAuction
DA:190,0
BRDA:190,13,0,-
DA:191,0
BRDA:191,14,0,-
BRDA:191,14,1,-
DA:192,0
BRDA:192,15,0,-
BRDA:192,15,1,-
DA:194,0
DA:197,0
FN:197,SparkCompounder.setUseAuction
FNDA:0,SparkCompounder.setUseAuction
DA:198,0
BRDA:198,16,0,-
BRDA:198,17,0,-
BRDA:198,17,1,-
DA:199,0
DA:206,0
FN:206,SparkCompounder.setReferral
FNDA:0,SparkCompounder.setReferral
DA:207,0
DA:210,10
FN:210,SparkCompounder.setOpenDeposits
FNDA:10,SparkCompounder.setOpenDeposits
DA:211,10
DA:214,0
FN:214,SparkCompounder.setAllowed
FNDA:0,SparkCompounder.setAllowed
DA:218,0
FNF:20
FNH:8
LF:78
LH:40
BRF:29
BRH:7
end_of_record
TN:
SF:src/periphery/StrategyAprOracle.sol
DA:34,264
FN:34,SparkCompounderAprOracle.aprAfterDebtChange
FNDA:264,SparkCompounderAprOracle.aprAfterDebtChange
DA:39,264
DA:40,264
DA:43,264
DA:58,264
BRDA:58,0,0,-
BRDA:58,0,1,264
DA:59,0
DA:61,264
DA:65,264
DA:67,264
FNF:1
FNH:1
LF:9
LH:8
BRF:2
BRH:1
end_of_record
